#
# There is insufficient memory for the Java Runtime Environment to continue.
# Native memory allocation (malloc) failed to allocate 1048576 bytes. Error detail: AllocateHeap
# Possible reasons:
#   The system is out of physical RAM or swap space
#   This process is running with CompressedOops enabled, and the Java Heap may be blocking the growth of the native heap
# Possible solutions:
#   Reduce memory load on the system
#   Increase physical memory or swap space
#   Check if swap backing store is full
#   Decrease Java heap size (-Xmx/-Xms)
#   Decrease number of Java threads
#   Decrease Java thread stack sizes (-Xss)
#   Set larger code cache with -XX:ReservedCodeCacheSize=
#   JVM is running with Unscaled Compressed Oops mode in which the Java heap is
#     placed in the first 4GB address space. The Java Heap base address is the
#     maximum limit for the native heap growth. Please use -XX:HeapBaseMinAddress
#     to set the Java Heap base and to place the Java Heap above 4GB virtual address.
# This output file may be truncated or incomplete.
#
#  Out of Memory Error (allocation.cpp:44), pid=11332, tid=10176
#
# JRE version:  (24.0.1+9) (build )
# Java VM: Java HotSpot(TM) 64-Bit Server VM (24.0.1+9-30, mixed mode, sharing, tiered, compressed oops, compressed class ptrs, g1 gc, windows-amd64)
# No core dump will be written. Minidumps are not enabled by default on client versions of Windows
#

---------------  S U M M A R Y ------------

Command Line: --module-path=C:\Users\scott\.m2\repository\org\openjfx\javafx-base\24.0.1\javafx-base-24.0.1-win.jar;C:\Users\scott\.m2\repository\org\openjfx\javafx-base\24.0.1\javafx-base-24.0.1.jar;C:\Users\scott\.m2\repository\org\openjfx\javafx-controls\24.0.1\javafx-controls-24.0.1-win.jar;C:\Users\scott\.m2\repository\org\openjfx\javafx-controls\24.0.1\javafx-controls-24.0.1.jar;C:\Users\scott\.m2\repository\org\openjfx\javafx-fxml\24.0.1\javafx-fxml-24.0.1-win.jar;C:\Users\scott\.m2\repository\org\openjfx\javafx-fxml\24.0.1\javafx-fxml-24.0.1.jar;C:\Users\scott\.m2\repository\org\openjfx\javafx-graphics\24.0.1\javafx-graphics-24.0.1-win.jar;C:\Users\scott\.m2\repository\org\openjfx\javafx-graphics\24.0.1\javafx-graphics-24.0.1.jar --add-modules=javafx.base,javafx.controls,javafx.fxml,javafx.graphics com.mycompany.app.ui.MainApp

Host: 11th Gen Intel(R) Core(TM) i5-1135G7 @ 2.40GHz, 8 cores, 7G,  Windows 11 , 64 bit Build 22621 (10.0.22621.5124)
Time: Tue May 13 00:46:11 2025 Eastern Daylight Time elapsed time: 0.031012 seconds (0d 0h 0m 0s)

---------------  T H R E A D  ---------------

Current thread (0x000001f59fabe540):  JavaThread "Unknown thread" [_thread_in_vm, id=10176, stack(0x0000008e3d500000,0x0000008e3d600000) (1024K)]

Stack: [0x0000008e3d500000,0x0000008e3d600000]
Native frames: (J=compiled Java code, j=interpreted, Vv=VM code, C=native code)
V  [jvm.dll+0x730739]  (no source info available)
V  [jvm.dll+0x8d9b23]  (no source info available)
V  [jvm.dll+0x8dc00d]  (no source info available)
V  [jvm.dll+0x8dc683]  (no source info available)
V  [jvm.dll+0x2aa086]  (no source info available)
V  [jvm.dll+0xbe9d7]  (no source info available)
V  [jvm.dll+0x35ade8]  (no source info available)
V  [jvm.dll+0x89d253]  (no source info available)
V  [jvm.dll+0x3f985d]  (no source info available)
V  [jvm.dll+0x8858e6]  (no source info available)
V  [jvm.dll+0x495f3e]  (no source info available)
V  [jvm.dll+0x497d11]  (no source info available)
C  [jli.dll+0x52a1]  (no source info available)
C  [ucrtbase.dll+0x29333]  (no source info available)
C  [KERNEL32.DLL+0x1259d]  (no source info available)
C  [ntdll.dll+0x5af38]  (no source info available)

Lock stack of current Java thread (top to bottom):


---------------  P R O C E S S  ---------------

Threads class SMR info:
_java_thread_list=0x00007ffd7e76f318, length=0, elements={
}

Java Threads: ( => current thread )
Total: 0

Other Threads:

=>0x000001f59fabe540 (exited) JavaThread "Unknown thread"    [_thread_in_vm, id=10176, stack(0x0000008e3d500000,0x0000008e3d600000) (1024K)]
Total: 1

Threads with active compile tasks:
Total: 0

VM state: not at safepoint (not fully initialized)

VM Mutex/Monitor currently owned by a thread: None

Heap address: 0x0000000000000000, size: 0 MB, Compressed Oops mode: 32-bit

CDS archive(s) mapped at: [0x0000000000000000-0x0000000000000000-0x0000000000000000), size 0, SharedBaseAddress: 0x0000000800000000, ArchiveRelocationMode: 1.
UseCompressedClassPointers 1, UseCompactObjectHeaders 0
Narrow klass pointer bits 32, Max shift 3
Narrow klass base: 0xffffffffffffffff, Narrow klass shift: -1
Encoding Range: [0xffffffffffffffff - 0x000000007fffffff), (2147483648 bytes)
Klass Range:    [0x0000000000000000 - 0x0000000000000000), (0 bytes)
Klass ID Range:  [4294967295 - 0) (1)

GC Precious Log:
 CardTable entry size: 512
 Card Set container configuration: InlinePtr #cards 5 size 8 Array Of Cards #cards 10 size 36 Howl #buckets 4 coarsen threshold 1843 Howl Bitmap #cards 512 size 80 coarsen threshold 460 Card regions per heap region 1 cards per card region 2048

GC Heap History (0 events):
No events

Dll operation events (1 events):
Event: 0.027 Loaded shared library C:\Program Files\Java\jdk-24\bin\java.dll

Deoptimization events (0 events):
No events

Classes loaded (0 events):
No events

Classes unloaded (0 events):
No events

Classes redefined (0 events):
No events

Internal exceptions (0 events):
No events

VM Operations (0 events):
No events

Memory protections (0 events):
No events

Nmethod flushes (0 events):
No events

Events (0 events):
No events


Dynamic libraries:
0x00007ff6f3f60000 - 0x00007ff6f3f70000 	C:\Program Files\Java\jdk-24\bin\java.exe
0x00007ffdf4990000 - 0x00007ffdf4ba7000 	C:\WINDOWS\SYSTEM32\ntdll.dll
0x00007ffdb2d90000 - 0x00007ffdb2daa000 	C:\Program Files\Norton\Suite\aswhook.dll
0x00007ffdf38c0000 - 0x00007ffdf3984000 	C:\WINDOWS\System32\KERNEL32.DLL
0x00007ffdf1ca0000 - 0x00007ffdf2073000 	C:\WINDOWS\System32\KERNELBASE.dll
0x00007ffdf20b0000 - 0x00007ffdf21c1000 	C:\WINDOWS\System32\ucrtbase.dll
0x00007ffddccc0000 - 0x00007ffddccd6000 	C:\Program Files\Java\jdk-24\bin\jli.dll
0x00007ffddcce0000 - 0x00007ffddccfb000 	C:\Program Files\Java\jdk-24\bin\VCRUNTIME140.dll
0x00007ffdf2790000 - 0x00007ffdf2941000 	C:\WINDOWS\System32\USER32.dll
0x00007ffdf23e0000 - 0x00007ffdf2406000 	C:\WINDOWS\System32\win32u.dll
0x00007ffdde9b0000 - 0x00007ffddec48000 	C:\WINDOWS\WinSxS\amd64_microsoft.windows.common-controls_6595b64144ccf1df_6.0.22621.5124_none_270e8f4f7386d69d\COMCTL32.dll
0x00007ffdf3c50000 - 0x00007ffdf3c79000 	C:\WINDOWS\System32\GDI32.dll
0x00007ffdf2d30000 - 0x00007ffdf2dd7000 	C:\WINDOWS\System32\msvcrt.dll
0x00007ffdf2410000 - 0x00007ffdf252b000 	C:\WINDOWS\System32\gdi32full.dll
0x00007ffdf21d0000 - 0x00007ffdf226a000 	C:\WINDOWS\System32\msvcp_win.dll
0x00007ffdf26e0000 - 0x00007ffdf2711000 	C:\WINDOWS\System32\IMM32.DLL
0x00007ffddcc90000 - 0x00007ffddcc9c000 	C:\Program Files\Java\jdk-24\bin\vcruntime140_1.dll
0x00007ffddbaf0000 - 0x00007ffddbb7e000 	C:\Program Files\Java\jdk-24\bin\msvcp140.dll
0x00007ffd7db30000 - 0x00007ffd7e8d2000 	C:\Program Files\Java\jdk-24\bin\server\jvm.dll
0x00007ffdf4460000 - 0x00007ffdf4511000 	C:\WINDOWS\System32\ADVAPI32.dll
0x00007ffdf2630000 - 0x00007ffdf26d8000 	C:\WINDOWS\System32\sechost.dll
0x00007ffdf2080000 - 0x00007ffdf20a8000 	C:\WINDOWS\System32\bcrypt.dll
0x00007ffdf3a90000 - 0x00007ffdf3ba4000 	C:\WINDOWS\System32\RPCRT4.dll
0x00007ffdf3bd0000 - 0x00007ffdf3c41000 	C:\WINDOWS\System32\WS2_32.dll
0x00007ffdf08e0000 - 0x00007ffdf092d000 	C:\WINDOWS\SYSTEM32\POWRPROF.dll
0x00007ffde76a0000 - 0x00007ffde76d4000 	C:\WINDOWS\SYSTEM32\WINMM.dll
0x00007ffddf530000 - 0x00007ffddf53a000 	C:\WINDOWS\SYSTEM32\VERSION.dll
0x00007ffdf08c0000 - 0x00007ffdf08d3000 	C:\WINDOWS\SYSTEM32\UMPDC.dll
0x00007ffdf0b80000 - 0x00007ffdf0b98000 	C:\WINDOWS\SYSTEM32\kernel.appcore.dll
0x00007ffddcc80000 - 0x00007ffddcc8a000 	C:\Program Files\Java\jdk-24\bin\jimage.dll
0x00007ffdef500000 - 0x00007ffdef732000 	C:\WINDOWS\SYSTEM32\DBGHELP.DLL
0x00007ffdf45b0000 - 0x00007ffdf4942000 	C:\WINDOWS\System32\combase.dll
0x00007ffdf2f40000 - 0x00007ffdf3017000 	C:\WINDOWS\System32\OLEAUT32.dll
0x00007ffddf480000 - 0x00007ffddf4b2000 	C:\WINDOWS\SYSTEM32\dbgcore.DLL
0x00007ffdf25b0000 - 0x00007ffdf262b000 	C:\WINDOWS\System32\bcryptPrimitives.dll
0x00007ffddc640000 - 0x00007ffddc65e000 	C:\Program Files\Java\jdk-24\bin\java.dll
0x00007ffdf3dc0000 - 0x00007ffdf3f61000 	C:\WINDOWS\System32\ole32.dll
0x00007ffdf3020000 - 0x00007ffdf38b6000 	C:\WINDOWS\System32\SHELL32.dll
0x00007ffdf1aa0000 - 0x00007ffdf1bdf000 	C:\WINDOWS\System32\wintypes.dll

JVMTI agents: none

dbghelp: loaded successfully - version: 4.0.5 - missing functions: none
symbol engine: initialized successfully - sym options: 0x614 - pdb path: .;C:\Program Files\Java\jdk-24\bin;C:\WINDOWS\SYSTEM32;C:\Program Files\Norton\Suite;C:\WINDOWS\WinSxS\amd64_microsoft.windows.common-controls_6595b64144ccf1df_6.0.22621.5124_none_270e8f4f7386d69d;C:\Program Files\Java\jdk-24\bin\server

VM Arguments:
jvm_args: --module-path=C:\Users\scott\.m2\repository\org\openjfx\javafx-base\24.0.1\javafx-base-24.0.1-win.jar;C:\Users\scott\.m2\repository\org\openjfx\javafx-base\24.0.1\javafx-base-24.0.1.jar;C:\Users\scott\.m2\repository\org\openjfx\javafx-controls\24.0.1\javafx-controls-24.0.1-win.jar;C:\Users\scott\.m2\repository\org\openjfx\javafx-controls\24.0.1\javafx-controls-24.0.1.jar;C:\Users\scott\.m2\repository\org\openjfx\javafx-fxml\24.0.1\javafx-fxml-24.0.1-win.jar;C:\Users\scott\.m2\repository\org\openjfx\javafx-fxml\24.0.1\javafx-fxml-24.0.1.jar;C:\Users\scott\.m2\repository\org\openjfx\javafx-graphics\24.0.1\javafx-graphics-24.0.1-win.jar;C:\Users\scott\.m2\repository\org\openjfx\javafx-graphics\24.0.1\javafx-graphics-24.0.1.jar --add-modules=javafx.base,javafx.controls,javafx.fxml,javafx.graphics 
java_command: com.mycompany.app.ui.MainApp
java_class_path (initial): C:\Users\scott\IdeaProjects\csc445-Project3\target\classes
Launcher Type: SUN_STANDARD

[Global flags]
     intx CICompilerCount                          = 4                                         {product} {ergonomic}
     uint ConcGCThreads                            = 2                                         {product} {ergonomic}
     uint G1ConcRefinementThreads                  = 8                                         {product} {ergonomic}
   size_t G1HeapRegionSize                         = 1048576                                   {product} {ergonomic}
   size_t InitialHeapSize                          = 132120576                                 {product} {ergonomic}
   size_t MarkStackSize                            = 4194304                                   {product} {ergonomic}
   size_t MaxHeapSize                              = 2103443456                                {product} {ergonomic}
   size_t MinHeapDeltaBytes                        = 1048576                                   {product} {ergonomic}
   size_t MinHeapSize                              = 8388608                                   {product} {ergonomic}
    uintx NonNMethodCodeHeapSize                   = 5832704                                {pd product} {ergonomic}
    uintx NonProfiledCodeHeapSize                  = 122945536                              {pd product} {ergonomic}
    uintx ProfiledCodeHeapSize                     = 122880000                              {pd product} {ergonomic}
    uintx ReservedCodeCacheSize                    = 251658240                              {pd product} {ergonomic}
     bool SegmentedCodeCache                       = true                                      {product} {ergonomic}
   size_t SoftMaxHeapSize                          = 2103443456                             {manageable} {ergonomic}
     bool UseCompressedOops                        = true                           {product lp64_product} {ergonomic}
     bool UseG1GC                                  = true                                      {product} {ergonomic}
     bool UseLargePagesIndividualAllocation        = false                                  {pd product} {ergonomic}

Logging:
Log output configuration:
 #0: stdout all=warning uptime,level,tags foldmultilines=false
 #1: stderr all=off uptime,level,tags foldmultilines=false

Environment Variables:
JAVA_HOME=C:\Program Files\Java\jdk-24
PATH=C:\Program Files\Common Files\Oracle\Java\javapath;C:\Program Files (x86)\Common Files\Oracle\Java\javapath;C:\WINDOWS\system32;C:\WINDOWS;C:\WINDOWS\System32\Wbem;C:\WINDOWS\System32\WindowsPowerShell\v1.0\;C:\WINDOWS\System32\OpenSSH\;C:\Gradle\gradle-8.6\bin;C:\Program Files\Git\cmd;C:\Users\scott\.cargo\bin;D:\Program Files\Microsoft VS Code\bin
USERNAME=scott
OS=Windows_NT
PROCESSOR_IDENTIFIER=Intel64 Family 6 Model 140 Stepping 1, GenuineIntel
TMP=C:\Users\scott\AppData\Local\Temp
TEMP=C:\Users\scott\AppData\Local\Temp




Periodic native trim disabled

---------------  S Y S T E M  ---------------

OS:
 Windows 11 , 64 bit Build 22621 (10.0.22621.5124)
OS uptime: 12 days 10:43 hours
Hyper-V role detected

CPU: total 8 (initial active 8) (4 cores per cpu, 2 threads per core) family 6 model 140 stepping 1 microcode 0xba, cx8, cmov, fxsr, ht, mmx, 3dnowpref, sse, sse2, sse3, ssse3, sse4.1, sse4.2, popcnt, lzcnt, tsc, tscinvbit, avx, avx2, aes, erms, clmul, bmi1, bmi2, adx, avx512f, avx512dq, avx512cd, avx512bw, avx512vl, sha, fma, vzeroupper, avx512_vpopcntdq, avx512_vpclmulqdq, avx512_vaes, avx512_vnni, clflush, clflushopt, clwb, avx512_vbmi2, avx512_vbmi, hv, rdtscp, rdpid, fsrm, gfni, avx512_bitalg, f16c, cet_ibt, cet_ss, avx512_ifma
Processor Information for processor 0
  Max Mhz: 2419, Current Mhz: 1209, Mhz Limit: 2419
Processor Information for processor 1
  Max Mhz: 2419, Current Mhz: 2419, Mhz Limit: 2419
Processor Information for processor 2
  Max Mhz: 2419, Current Mhz: 2419, Mhz Limit: 2419
Processor Information for processor 3
  Max Mhz: 2419, Current Mhz: 2419, Mhz Limit: 2419
Processor Information for processor 4
  Max Mhz: 2419, Current Mhz: 2419, Mhz Limit: 2419
Processor Information for processor 5
  Max Mhz: 2419, Current Mhz: 2419, Mhz Limit: 2419
Processor Information for processor 6
  Max Mhz: 2419, Current Mhz: 2419, Mhz Limit: 2419
Processor Information for processor 7
  Max Mhz: 2419, Current Mhz: 2419, Mhz Limit: 2419

Memory: 4k page, system-wide physical 8017M (1005M free)
TotalPageFile size 18731M (AvailPageFile size 4M)
current process WorkingSet (physical memory assigned to process): 11M, peak: 11M
current process commit charge ("private bytes"): 17M, peak: 18M

vm_info: Java HotSpot(TM) 64-Bit Server VM (24.0.1+9-30) for windows-amd64 JRE (24.0.1+9-30), built on 2025-03-05T07:23:45Z with MS VC++ 17.6 (VS2022)

END.
