#
# There is insufficient memory for the Java Runtime Environment to continue.
# Native memory allocation (malloc) failed to allocate 959616 bytes. Error detail: Chunk::new
# Possible reasons:
#   The system is out of physical RAM or swap space
#   This process is running with CompressedOops enabled, and the Java Heap may be blocking the growth of the native heap
# Possible solutions:
#   Reduce memory load on the system
#   Increase physical memory or swap space
#   Check if swap backing store is full
#   Decrease Java heap size (-Xmx/-Xms)
#   Decrease number of Java threads
#   Decrease Java thread stack sizes (-Xss)
#   Set larger code cache with -XX:ReservedCodeCacheSize=
#   JVM is running with Unscaled Compressed Oops mode in which the Java heap is
#     placed in the first 4GB address space. The Java Heap base address is the
#     maximum limit for the native heap growth. Please use -XX:HeapBaseMinAddress
#     to set the Java Heap base and to place the Java Heap above 4GB virtual address.
# This output file may be truncated or incomplete.
#
#  Out of Memory Error (arena.cpp:149), pid=2224, tid=16652
#
# JRE version: OpenJDK Runtime Environment (23.0+37) (build 23+37-2369)
# Java VM: OpenJDK 64-Bit Server VM (23+37-2369, mixed mode, sharing, tiered, compressed oops, compressed class ptrs, g1 gc, windows-amd64)
# No core dump will be written. Minidumps are not enabled by default on client versions of Windows
#

---------------  S U M M A R Y ------------

Command Line: -Dmaven.multiModuleProjectDirectory=C:\Users\scott\IdeaProjects\csc445-Project3 -Djansi.passthrough=true -Dmaven.home=D:\Program Files\IntelliJ IDEA 2023.3.6\plugins\maven\lib\maven3 -Dclassworlds.conf=D:\Program Files\IntelliJ IDEA 2023.3.6\plugins\maven\lib\maven3\bin\m2.conf -Dmaven.ext.class.path=D:\Program Files\IntelliJ IDEA 2023.3.6\plugins\maven\lib\maven-event-listener.jar -javaagent:D:\Program Files\IntelliJ IDEA 2023.3.6\lib\idea_rt.jar=50188:D:\Program Files\IntelliJ IDEA 2023.3.6\bin -Dfile.encoding=UTF-8 -Dsun.stdout.encoding=UTF-8 -Dsun.stderr.encoding=UTF-8 org.codehaus.classworlds.Launcher -Didea.version=2023.3.8 org.openjfx:javafx-maven-plugin:0.0.8:run

Host: 11th Gen Intel(R) Core(TM) i5-1135G7 @ 2.40GHz, 8 cores, 7G,  Windows 11 , 64 bit Build 22621 (10.0.22621.5124)
Time: Tue May 13 00:46:11 2025 Eastern Daylight Time elapsed time: 4.666423 seconds (0d 0h 0m 4s)

---------------  T H R E A D  ---------------

Current thread (0x00000233d8d60960):  JavaThread "C2 CompilerThread1" daemon [_thread_in_native, id=16652, stack(0x000000c555b00000,0x000000c555c00000) (1024K)]


Current CompileTask:
C2:4666 6926   !   4       com.google.inject.spi.InjectionPoint::getInjectionPoints (491 bytes)

Stack: [0x000000c555b00000,0x000000c555c00000]
Native frames: (J=compiled Java code, j=interpreted, Vv=VM code, C=native code)
V  [jvm.dll+0x6e08a9]  (no source info available)
V  [jvm.dll+0x87da63]  (no source info available)
V  [jvm.dll+0x87feee]  (no source info available)
V  [jvm.dll+0x8805c3]  (no source info available)
V  [jvm.dll+0x27aee6]  (no source info available)
V  [jvm.dll+0xbc06f]  (no source info available)
V  [jvm.dll+0xbc2cb]  (no source info available)
V  [jvm.dll+0x2ee94d]  (no source info available)
V  [jvm.dll+0x6063c9]  (no source info available)
V  [jvm.dll+0x24ddf2]  (no source info available)
V  [jvm.dll+0x2468c4]  (no source info available)
V  [jvm.dll+0x243d04]  (no source info available)
V  [jvm.dll+0x1c33a0]  (no source info available)
V  [jvm.dll+0x253cf1]  (no source info available)
V  [jvm.dll+0x251faa]  (no source info available)
V  [jvm.dll+0x3ee036]  (no source info available)
V  [jvm.dll+0x824f1b]  (no source info available)
V  [jvm.dll+0x6df055]  (no source info available)
C  [ucrtbase.dll+0x29333]  (no source info available)
C  [KERNEL32.DLL+0x1259d]  (no source info available)
C  [ntdll.dll+0x5af38]  (no source info available)

Lock stack of current Java thread (top to bottom):


---------------  P R O C E S S  ---------------

Threads class SMR info:
_java_thread_list=0x0000023421a1e650, length=15, elements={
0x00000233bbdc6310, 0x00000233d8ab5800, 0x00000233d8ab6720, 0x00000233d8ab8880,
0x00000233d8abbb60, 0x00000233d8abe690, 0x00000233d8abf220, 0x00000233d8ac67f0,
0x00000233d8aceec0, 0x00000233d8c101e0, 0x00000233d8d78330, 0x00000233d8d7d3a0,
0x00000233d8d60960, 0x000002341edb9f00, 0x0000023420f6dee0
}

Java Threads: ( => current thread )
  0x00000233bbdc6310 JavaThread "main"                              [_thread_blocked, id=27736, stack(0x000000c554800000,0x000000c554900000) (1024K)]
  0x00000233d8ab5800 JavaThread "Reference Handler"          daemon [_thread_blocked, id=20176, stack(0x000000c555000000,0x000000c555100000) (1024K)]
  0x00000233d8ab6720 JavaThread "Finalizer"                  daemon [_thread_blocked, id=16516, stack(0x000000c555100000,0x000000c555200000) (1024K)]
  0x00000233d8ab8880 JavaThread "Signal Dispatcher"          daemon [_thread_blocked, id=3108, stack(0x000000c555200000,0x000000c555300000) (1024K)]
  0x00000233d8abbb60 JavaThread "Attach Listener"            daemon [_thread_blocked, id=5460, stack(0x000000c555300000,0x000000c555400000) (1024K)]
  0x00000233d8abe690 JavaThread "Service Thread"             daemon [_thread_blocked, id=13724, stack(0x000000c555400000,0x000000c555500000) (1024K)]
  0x00000233d8abf220 JavaThread "Monitor Deflation Thread"   daemon [_thread_blocked, id=3520, stack(0x000000c555500000,0x000000c555600000) (1024K)]
  0x00000233d8ac67f0 JavaThread "C2 CompilerThread0"         daemon [_thread_blocked, id=17784, stack(0x000000c555600000,0x000000c555700000) (1024K)]
  0x00000233d8aceec0 JavaThread "C1 CompilerThread0"         daemon [_thread_blocked, id=21164, stack(0x000000c555700000,0x000000c555800000) (1024K)]
  0x00000233d8c101e0 JavaThread "Common-Cleaner"             daemon [_thread_blocked, id=19704, stack(0x000000c555800000,0x000000c555900000) (1024K)]
  0x00000233d8d78330 JavaThread "Monitor Ctrl-Break"         daemon [_thread_in_native, id=6340, stack(0x000000c555900000,0x000000c555a00000) (1024K)]
  0x00000233d8d7d3a0 JavaThread "Notification Thread"        daemon [_thread_blocked, id=5868, stack(0x000000c555a00000,0x000000c555b00000) (1024K)]
=>0x00000233d8d60960 JavaThread "C2 CompilerThread1"         daemon [_thread_in_native, id=16652, stack(0x000000c555b00000,0x000000c555c00000) (1024K)]
  0x000002341edb9f00 JavaThread "C2 CompilerThread2"         daemon [_thread_blocked, id=22540, stack(0x000000c555c00000,0x000000c555d00000) (1024K)]
  0x0000023420f6dee0 JavaThread "Exec Input Stream Pumper"   daemon [_thread_blocked, id=27788, stack(0x000000c556700000,0x000000c556800000) (1024K)]
Total: 15

Other Threads:
  0x00000233d8a9f8d0 VMThread "VM Thread"                           [id=14452, stack(0x000000c554f00000,0x000000c555000000) (1024K)]
  0x00000233d8a90640 WatcherThread "VM Periodic Task Thread"        [id=27972, stack(0x000000c554e00000,0x000000c554f00000) (1024K)]
  0x00000233bbe1e9b0 WorkerThread "GC Thread#0"                     [id=27912, stack(0x000000c554900000,0x000000c554a00000) (1024K)]
  0x000002341ead8440 WorkerThread "GC Thread#1"                     [id=28364, stack(0x000000c555d00000,0x000000c555e00000) (1024K)]
  0x000002341e9d16c0 WorkerThread "GC Thread#2"                     [id=22404, stack(0x000000c555e00000,0x000000c555f00000) (1024K)]
  0x000002341ee0cba0 WorkerThread "GC Thread#3"                     [id=28184, stack(0x000000c555f00000,0x000000c556000000) (1024K)]
  0x000002341ee0cf50 WorkerThread "GC Thread#4"                     [id=20072, stack(0x000000c556000000,0x000000c556100000) (1024K)]
  0x000002341ebcc550 WorkerThread "GC Thread#5"                     [id=19860, stack(0x000000c556100000,0x000000c556200000) (1024K)]
  0x000002341ea8d5f0 WorkerThread "GC Thread#6"                     [id=1984, stack(0x000000c556200000,0x000000c556300000) (1024K)]
  0x000002341ea8de20 WorkerThread "GC Thread#7"                     [id=7968, stack(0x000000c556300000,0x000000c556400000) (1024K)]
  0x00000233bbe33280 ConcurrentGCThread "G1 Main Marker"            [id=28388, stack(0x000000c554a00000,0x000000c554b00000) (1024K)]
  0x00000233bbe345f0 WorkerThread "G1 Conc#0"                       [id=4076, stack(0x000000c554b00000,0x000000c554c00000) (1024K)]
  0x0000023420102920 WorkerThread "G1 Conc#1"                       [id=25400, stack(0x000000c556400000,0x000000c556500000) (1024K)]
  0x00000233d8961190 ConcurrentGCThread "G1 Refine#0"               [id=12084, stack(0x000000c554c00000,0x000000c554d00000) (1024K)]
  0x00000233d8961b20 ConcurrentGCThread "G1 Service"                [id=16248, stack(0x000000c554d00000,0x000000c554e00000) (1024K)]
Total: 15

Threads with active compile tasks:
C2 CompilerThread1  4777 6926   !   4       com.google.inject.spi.InjectionPoint::getInjectionPoints (491 bytes)
Total: 1

VM state: not at safepoint (normal execution)

VM Mutex/Monitor currently owned by a thread: None

Heap address: 0x0000000082a00000, size: 2006 MB, Compressed Oops mode: 32-bit

CDS archive(s) mapped at: [0x00000233d9000000-0x00000233d9d70000-0x00000233d9d70000), size 14090240, SharedBaseAddress: 0x00000233d9000000, ArchiveRelocationMode: 1.
Compressed class space mapped at: 0x00000233da000000-0x000002341a000000, reserved size: 1073741824
Narrow klass base: 0x00000233d9000000, Narrow klass shift: 0, Narrow klass range: 0x41000000

GC Precious Log:
 CardTable entry size: 512
 Card Set container configuration: InlinePtr #cards 5 size 8 Array Of Cards #cards 10 size 36 Howl #buckets 4 coarsen threshold 1843 Howl Bitmap #cards 512 size 80 coarsen threshold 460 Card regions per heap region 1 cards per card region 2048
 CPUs: 8 total, 8 available
 Memory: 8017M
 Large Page Support: Disabled
 NUMA Support: Disabled
 Compressed Oops: Enabled (32-bit)
 Heap Region Size: 1M
 Heap Min Capacity: 8M
 Heap Initial Capacity: 126M
 Heap Max Capacity: 2006M
 Pre-touch: Disabled
 Parallel Workers: 8
 Concurrent Workers: 2
 Concurrent Refinement Workers: 8
 Periodic GC: Disabled

Heap:
 garbage-first heap   total reserved 2054144K, committed 79872K, used 41395K [0x0000000082a00000, 0x0000000100000000)
  region size 1024K, 18 young (18432K), 3 survivors (3072K)
 Metaspace       used 29995K, committed 30336K, reserved 1114112K
  class space    used 3595K, committed 3776K, reserved 1048576K

Heap Regions: E=young(eden), S=young(survivor), O=old, HS=humongous(starts), HC=humongous(continues), CS=collection set, F=free, TAMS=top-at-mark-start, PB=parsable bottom
|   0|0x0000000082a00000, 0x0000000082a00000, 0x0000000082b00000|  0%| F|  |TAMS 0x0000000082a00000| PB 0x0000000082a00000| Untracked |  0
|   1|0x0000000082b00000, 0x0000000082c00000, 0x0000000082c00000|100%| O|  |TAMS 0x0000000082b00000| PB 0x0000000082b00000| Untracked |  0
|   2|0x0000000082c00000, 0x0000000082d00000, 0x0000000082d00000|100%| O|  |TAMS 0x0000000082c00000| PB 0x0000000082c00000| Untracked |  0
|   3|0x0000000082d00000, 0x0000000082e00000, 0x0000000082e00000|100%| O|  |TAMS 0x0000000082d00000| PB 0x0000000082d00000| Untracked |  0
|   4|0x0000000082e00000, 0x0000000082f00000, 0x0000000082f00000|100%| O|  |TAMS 0x0000000082e00000| PB 0x0000000082e00000| Untracked |  0
|   5|0x0000000082f00000, 0x0000000083000000, 0x0000000083000000|100%| O|  |TAMS 0x0000000082f00000| PB 0x0000000082f00000| Untracked |  0
|   6|0x0000000083000000, 0x0000000083100000, 0x0000000083100000|100%| O|  |TAMS 0x0000000083000000| PB 0x0000000083000000| Untracked |  0
|   7|0x0000000083100000, 0x0000000083200000, 0x0000000083200000|100%|HS|  |TAMS 0x0000000083100000| PB 0x0000000083100000| Complete |  0
|   8|0x0000000083200000, 0x0000000083300000, 0x0000000083300000|100%|HC|  |TAMS 0x0000000083200000| PB 0x0000000083200000| Complete |  0
|   9|0x0000000083300000, 0x0000000083400000, 0x0000000083400000|100%| O|  |TAMS 0x0000000083300000| PB 0x0000000083300000| Untracked |  0
|  10|0x0000000083400000, 0x0000000083500000, 0x0000000083500000|100%| O|  |TAMS 0x0000000083400000| PB 0x0000000083400000| Untracked |  0
|  11|0x0000000083500000, 0x0000000083600000, 0x0000000083600000|100%| O|  |TAMS 0x0000000083500000| PB 0x0000000083500000| Untracked |  0
|  12|0x0000000083600000, 0x0000000083700000, 0x0000000083700000|100%| O|  |TAMS 0x0000000083600000| PB 0x0000000083600000| Untracked |  0
|  13|0x0000000083700000, 0x00000000837ece20, 0x0000000083800000| 92%| O|  |TAMS 0x0000000083700000| PB 0x0000000083700000| Untracked |  0
|  14|0x0000000083800000, 0x0000000083900000, 0x0000000083900000|100%| O|  |TAMS 0x0000000083800000| PB 0x0000000083800000| Untracked |  0
|  15|0x0000000083900000, 0x0000000083a00000, 0x0000000083a00000|100%| O|  |TAMS 0x0000000083900000| PB 0x0000000083900000| Untracked |  0
|  16|0x0000000083a00000, 0x0000000083b00000, 0x0000000083b00000|100%| O|  |TAMS 0x0000000083a00000| PB 0x0000000083a00000| Untracked |  0
|  17|0x0000000083b00000, 0x0000000083c00000, 0x0000000083c00000|100%| O|  |TAMS 0x0000000083b00000| PB 0x0000000083b00000| Untracked |  0
|  18|0x0000000083c00000, 0x0000000083d00000, 0x0000000083d00000|100%| O|  |TAMS 0x0000000083c00000| PB 0x0000000083c00000| Untracked |  0
|  19|0x0000000083d00000, 0x0000000083e00000, 0x0000000083e00000|100%| O|  |TAMS 0x0000000083d00000| PB 0x0000000083d00000| Untracked |  0
|  20|0x0000000083e00000, 0x0000000083e00000, 0x0000000083f00000|  0%| F|  |TAMS 0x0000000083e00000| PB 0x0000000083e00000| Untracked |  0
|  21|0x0000000083f00000, 0x0000000083f00000, 0x0000000084000000|  0%| F|  |TAMS 0x0000000083f00000| PB 0x0000000083f00000| Untracked |  0
|  22|0x0000000084000000, 0x0000000084000000, 0x0000000084100000|  0%| F|  |TAMS 0x0000000084000000| PB 0x0000000084000000| Untracked |  0
|  23|0x0000000084100000, 0x0000000084100000, 0x0000000084200000|  0%| F|  |TAMS 0x0000000084100000| PB 0x0000000084100000| Untracked |  0
|  24|0x0000000084200000, 0x0000000084200000, 0x0000000084300000|  0%| F|  |TAMS 0x0000000084200000| PB 0x0000000084200000| Untracked |  0
|  25|0x0000000084300000, 0x0000000084300000, 0x0000000084400000|  0%| F|  |TAMS 0x0000000084300000| PB 0x0000000084300000| Untracked |  0
|  26|0x0000000084400000, 0x0000000084400000, 0x0000000084500000|  0%| F|  |TAMS 0x0000000084400000| PB 0x0000000084400000| Untracked |  0
|  27|0x0000000084500000, 0x0000000084500000, 0x0000000084600000|  0%| F|  |TAMS 0x0000000084500000| PB 0x0000000084500000| Untracked |  0
|  28|0x0000000084600000, 0x0000000084600000, 0x0000000084700000|  0%| F|  |TAMS 0x0000000084600000| PB 0x0000000084600000| Untracked |  0
|  29|0x0000000084700000, 0x0000000084780000, 0x0000000084800000| 50%| S|CS|TAMS 0x0000000084700000| PB 0x0000000084700000| Complete |  0
|  30|0x0000000084800000, 0x0000000084900000, 0x0000000084900000|100%| S|CS|TAMS 0x0000000084800000| PB 0x0000000084800000| Complete |  0
|  31|0x0000000084900000, 0x0000000084a00000, 0x0000000084a00000|100%| S|CS|TAMS 0x0000000084900000| PB 0x0000000084900000| Complete |  0
|  32|0x0000000084a00000, 0x0000000084a00000, 0x0000000084b00000|  0%| F|  |TAMS 0x0000000084a00000| PB 0x0000000084a00000| Untracked |  0
|  33|0x0000000084b00000, 0x0000000084b00000, 0x0000000084c00000|  0%| F|  |TAMS 0x0000000084b00000| PB 0x0000000084b00000| Untracked |  0
|  34|0x0000000084c00000, 0x0000000084c00000, 0x0000000084d00000|  0%| F|  |TAMS 0x0000000084c00000| PB 0x0000000084c00000| Untracked |  0
|  35|0x0000000084d00000, 0x0000000084d00000, 0x0000000084e00000|  0%| F|  |TAMS 0x0000000084d00000| PB 0x0000000084d00000| Untracked |  0
|  36|0x0000000084e00000, 0x0000000084e00000, 0x0000000084f00000|  0%| F|  |TAMS 0x0000000084e00000| PB 0x0000000084e00000| Untracked |  0
|  37|0x0000000084f00000, 0x0000000084f00000, 0x0000000085000000|  0%| F|  |TAMS 0x0000000084f00000| PB 0x0000000084f00000| Untracked |  0
|  38|0x0000000085000000, 0x0000000085000000, 0x0000000085100000|  0%| F|  |TAMS 0x0000000085000000| PB 0x0000000085000000| Untracked |  0
|  39|0x0000000085100000, 0x0000000085100000, 0x0000000085200000|  0%| F|  |TAMS 0x0000000085100000| PB 0x0000000085100000| Untracked |  0
|  40|0x0000000085200000, 0x0000000085200000, 0x0000000085300000|  0%| F|  |TAMS 0x0000000085200000| PB 0x0000000085200000| Untracked |  0
|  41|0x0000000085300000, 0x0000000085300000, 0x0000000085400000|  0%| F|  |TAMS 0x0000000085300000| PB 0x0000000085300000| Untracked |  0
|  42|0x0000000085400000, 0x0000000085400000, 0x0000000085500000|  0%| F|  |TAMS 0x0000000085400000| PB 0x0000000085400000| Untracked |  0
|  43|0x0000000085500000, 0x0000000085500000, 0x0000000085600000|  0%| F|  |TAMS 0x0000000085500000| PB 0x0000000085500000| Untracked |  0
|  44|0x0000000085600000, 0x0000000085600000, 0x0000000085700000|  0%| F|  |TAMS 0x0000000085600000| PB 0x0000000085600000| Untracked |  0
|  45|0x0000000085700000, 0x0000000085700000, 0x0000000085800000|  0%| F|  |TAMS 0x0000000085700000| PB 0x0000000085700000| Untracked |  0
|  46|0x0000000085800000, 0x0000000085800000, 0x0000000085900000|  0%| F|  |TAMS 0x0000000085800000| PB 0x0000000085800000| Untracked |  0
|  47|0x0000000085900000, 0x0000000085900000, 0x0000000085a00000|  0%| F|  |TAMS 0x0000000085900000| PB 0x0000000085900000| Untracked |  0
|  48|0x0000000085a00000, 0x0000000085a00000, 0x0000000085b00000|  0%| F|  |TAMS 0x0000000085a00000| PB 0x0000000085a00000| Untracked |  0
|  49|0x0000000085b00000, 0x0000000085b00000, 0x0000000085c00000|  0%| F|  |TAMS 0x0000000085b00000| PB 0x0000000085b00000| Untracked |  0
|  50|0x0000000085c00000, 0x0000000085c00000, 0x0000000085d00000|  0%| F|  |TAMS 0x0000000085c00000| PB 0x0000000085c00000| Untracked |  0
|  51|0x0000000085d00000, 0x0000000085d00000, 0x0000000085e00000|  0%| F|  |TAMS 0x0000000085d00000| PB 0x0000000085d00000| Untracked |  0
|  52|0x0000000085e00000, 0x0000000085e00000, 0x0000000085f00000|  0%| F|  |TAMS 0x0000000085e00000| PB 0x0000000085e00000| Untracked |  0
|  53|0x0000000085f00000, 0x0000000085f00000, 0x0000000086000000|  0%| F|  |TAMS 0x0000000085f00000| PB 0x0000000085f00000| Untracked |  0
|  54|0x0000000086000000, 0x0000000086000000, 0x0000000086100000|  0%| F|  |TAMS 0x0000000086000000| PB 0x0000000086000000| Untracked |  0
|  55|0x0000000086100000, 0x0000000086100000, 0x0000000086200000|  0%| F|  |TAMS 0x0000000086100000| PB 0x0000000086100000| Untracked |  0
|  56|0x0000000086200000, 0x0000000086200000, 0x0000000086300000|  0%| F|  |TAMS 0x0000000086200000| PB 0x0000000086200000| Untracked |  0
|  57|0x0000000086300000, 0x0000000086300000, 0x0000000086400000|  0%| F|  |TAMS 0x0000000086300000| PB 0x0000000086300000| Untracked |  0
|  58|0x0000000086400000, 0x00000000864ae9d0, 0x0000000086500000| 68%| E|  |TAMS 0x0000000086400000| PB 0x0000000086400000| Complete |  0
|  59|0x0000000086500000, 0x0000000086600000, 0x0000000086600000|100%| E|CS|TAMS 0x0000000086500000| PB 0x0000000086500000| Complete |  0
|  60|0x0000000086600000, 0x0000000086700000, 0x0000000086700000|100%| E|CS|TAMS 0x0000000086600000| PB 0x0000000086600000| Complete |  0
|  61|0x0000000086700000, 0x0000000086800000, 0x0000000086800000|100%| E|CS|TAMS 0x0000000086700000| PB 0x0000000086700000| Complete |  0
|  62|0x0000000086800000, 0x0000000086900000, 0x0000000086900000|100%| E|CS|TAMS 0x0000000086800000| PB 0x0000000086800000| Complete |  0
|  63|0x0000000086900000, 0x0000000086a00000, 0x0000000086a00000|100%| E|CS|TAMS 0x0000000086900000| PB 0x0000000086900000| Complete |  0
|  64|0x0000000086a00000, 0x0000000086b00000, 0x0000000086b00000|100%| E|CS|TAMS 0x0000000086a00000| PB 0x0000000086a00000| Complete |  0
|  65|0x0000000086b00000, 0x0000000086c00000, 0x0000000086c00000|100%| E|CS|TAMS 0x0000000086b00000| PB 0x0000000086b00000| Complete |  0
|  66|0x0000000086c00000, 0x0000000086d00000, 0x0000000086d00000|100%| E|CS|TAMS 0x0000000086c00000| PB 0x0000000086c00000| Complete |  0
|  99|0x0000000088d00000, 0x0000000088e00000, 0x0000000088e00000|100%| E|CS|TAMS 0x0000000088d00000| PB 0x0000000088d00000| Complete |  0
| 100|0x0000000088e00000, 0x0000000088f00000, 0x0000000088f00000|100%| E|CS|TAMS 0x0000000088e00000| PB 0x0000000088e00000| Complete |  0
| 101|0x0000000088f00000, 0x0000000089000000, 0x0000000089000000|100%| E|CS|TAMS 0x0000000088f00000| PB 0x0000000088f00000| Complete |  0
| 102|0x0000000089000000, 0x0000000089100000, 0x0000000089100000|100%| E|CS|TAMS 0x0000000089000000| PB 0x0000000089000000| Complete |  0
| 103|0x0000000089100000, 0x0000000089200000, 0x0000000089200000|100%| E|CS|TAMS 0x0000000089100000| PB 0x0000000089100000| Complete |  0
| 125|0x000000008a700000, 0x000000008a800000, 0x000000008a800000|100%| E|CS|TAMS 0x000000008a700000| PB 0x000000008a700000| Complete |  0
|2001|0x00000000ffb00000, 0x00000000ffc00000, 0x00000000ffc00000|100%| O|  |TAMS 0x00000000ffb00000| PB 0x00000000ffb00000| Untracked |  0
|2002|0x00000000ffc00000, 0x00000000ffd00000, 0x00000000ffd00000|100%| O|  |TAMS 0x00000000ffc00000| PB 0x00000000ffc00000| Untracked |  0
|2003|0x00000000ffd00000, 0x00000000ffe00000, 0x00000000ffe00000|100%| O|  |TAMS 0x00000000ffd00000| PB 0x00000000ffd00000| Untracked |  0
|2004|0x00000000ffe00000, 0x00000000fff00000, 0x00000000fff00000|100%| O|  |TAMS 0x00000000ffe00000| PB 0x00000000ffe00000| Untracked |  0
|2005|0x00000000fff00000, 0x0000000100000000, 0x0000000100000000|100%| O|  |TAMS 0x00000000fff00000| PB 0x00000000fff00000| Untracked |  0

Card table byte_map: [0x00000233d3d30000,0x00000233d4120000] _byte_map_base: 0x00000233d391b000

Marking Bits: (CMBitMap*) 0x00000233bbe1efd0
 Bits: [0x00000233d4120000, 0x00000233d6078000)

Polling page: 0x00000233b9c90000

Metaspace:

Usage:
  Non-class:     25.78 MB used.
      Class:      3.51 MB used.
       Both:     29.29 MB used.

Virtual space:
  Non-class space:       64.00 MB reserved,      25.94 MB ( 41%) committed,  1 nodes.
      Class space:        1.00 GB reserved,       3.69 MB ( <1%) committed,  1 nodes.
             Both:        1.06 GB reserved,      29.62 MB (  3%) committed. 

Chunk freelists:
   Non-Class:  5.62 MB
       Class:  12.13 MB
        Both:  17.75 MB

MaxMetaspaceSize: unlimited
CompressedClassSpaceSize: 1.00 GB
Initial GC threshold: 21.00 MB
Current GC threshold: 35.25 MB
CDS: on
 - commit_granule_bytes: 65536.
 - commit_granule_words: 8192.
 - virtual_space_node_default_size: 8388608.
 - enlarge_chunks_in_place: 1.
 - use_allocation_guard: 0.


Internal statistics:

num_allocs_failed_limit: 3.
num_arena_births: 308.
num_arena_deaths: 0.
num_vsnodes_births: 2.
num_vsnodes_deaths: 0.
num_space_committed: 474.
num_space_uncommitted: 0.
num_chunks_returned_to_freelist: 3.
num_chunks_taken_from_freelist: 1363.
num_chunk_merges: 3.
num_chunk_splits: 964.
num_chunks_enlarged: 749.
num_inconsistent_stats: 0.

CodeHeap 'non-profiled nmethods': size=120064Kb used=2772Kb max_used=2772Kb free=117292Kb
 bounds [0x00000233cbfb0000, 0x00000233cc270000, 0x00000233d34f0000]
CodeHeap 'profiled nmethods': size=120000Kb used=11725Kb max_used=11725Kb free=108275Kb
 bounds [0x00000233c44f0000, 0x00000233c5070000, 0x00000233cba20000]
CodeHeap 'non-nmethods': size=5696Kb used=1601Kb max_used=1653Kb free=4094Kb
 bounds [0x00000233cba20000, 0x00000233cbc90000, 0x00000233cbfb0000]
CodeCache: size=245760Kb, used=16098Kb, max_used=16150Kb, free=229661Kb
 total_blobs=7549, nmethods=6986, adapters=468, full_count=0
Compilation: enabled, stopped_count=0, restarted_count=0

Compilation events (20 events):
Event: 4.582 Thread 0x00000233d8aceec0 6980       3       java.lang.invoke.SimpleMethodHandle::make (10 bytes)
Event: 4.583 Thread 0x000002341edb9f00 nmethod 6946 0x00000233cc25bc88 code [0x00000233cc25be40, 0x00000233cc25c600]
Event: 4.583 Thread 0x00000233d8aceec0 nmethod 6980 0x00000233c5062488 code [0x00000233c50625c0, 0x00000233c50627b0]
Event: 4.583 Thread 0x00000233d8aceec0 6981       3       java.lang.invoke.SimpleMethodHandle::<init> (7 bytes)
Event: 4.583 Thread 0x00000233d8aceec0 nmethod 6981 0x00000233c5062808 code [0x00000233c5062940, 0x00000233c5062b00]
Event: 4.583 Thread 0x000002341edb9f00 6975   !   4       java.util.zip.InflaterInputStream::read (129 bytes)
Event: 4.589 Thread 0x00000233d8aceec0 6982       3       java.lang.ProcessEnvironment$CheckedEntry::getKey (5 bytes)
Event: 4.589 Thread 0x00000233d8aceec0 nmethod 6982 0x00000233c5062b88 code [0x00000233c5062cc0, 0x00000233c5062fc8]
Event: 4.589 Thread 0x00000233d8aceec0 6983       3       java.lang.ProcessEnvironment$CheckedEntry::getKey (13 bytes)
Event: 4.589 Thread 0x00000233d8aceec0 nmethod 6983 0x00000233c5063008 code [0x00000233c5063140, 0x00000233c50633e8]
Event: 4.603 Thread 0x00000233d8aceec0 6987       1       java.util.logging.Logger::getName (5 bytes)
Event: 4.603 Thread 0x00000233d8aceec0 nmethod 6987 0x00000233cc25d008 code [0x00000233cc25d120, 0x00000233cc25d1e8]
Event: 4.618 Thread 0x000002341edb9f00 nmethod 6975 0x00000233cc25d308 code [0x00000233cc25d5c0, 0x00000233cc25fae8]
Event: 4.618 Thread 0x000002341edb9f00 6931       4       com.google.inject.internal.BindingImpl::acceptVisitor (8 bytes)
Event: 4.618 Thread 0x000002341edb9f00 nmethod 6931 0x00000233cc25fc88 code [0x00000233cc25fd80, 0x00000233cc25fe28]
Event: 4.618 Thread 0x000002341edb9f00 6957       4       com.google.inject.internal.CycleDetectingLock$CycleDetectingLockFactory::access$100 (4 bytes)
Event: 4.618 Thread 0x000002341edb9f00 nmethod 6957 0x00000233cc25ff88 code [0x00000233cc260080, 0x00000233cc2600f0]
Event: 4.618 Thread 0x000002341edb9f00 6956       4       com.google.inject.internal.CycleDetectingLock$CycleDetectingLockFactory::access$000 (4 bytes)
Event: 4.618 Thread 0x000002341edb9f00 nmethod 6956 0x00000233cc260288 code [0x00000233cc260380, 0x00000233cc2603f8]
Event: 4.638 Thread 0x00000233d8ac67f0 nmethod 6924 0x00000233cc260588 code [0x00000233cc260ac0, 0x00000233cc264ef0]

GC Heap History (12 events):
Event: 0.659 GC heap before
{Heap before GC invocations=0 (full 0):
 garbage-first heap   total reserved 2054144K, committed 129024K, used 23552K [0x0000000082a00000, 0x0000000100000000)
  region size 1024K, 24 young (24576K), 0 survivors (0K)
 Metaspace       used 6411K, committed 6592K, reserved 1114112K
  class space    used 765K, committed 832K, reserved 1048576K
}
Event: 0.669 GC heap after
{Heap after GC invocations=1 (full 0):
 garbage-first heap   total reserved 2054144K, committed 129024K, used 4096K [0x0000000082a00000, 0x0000000100000000)
  region size 1024K, 3 young (3072K), 3 survivors (3072K)
 Metaspace       used 6411K, committed 6592K, reserved 1114112K
  class space    used 765K, committed 832K, reserved 1048576K
}
Event: 1.071 GC heap before
{Heap before GC invocations=1 (full 0):
 garbage-first heap   total reserved 2054144K, committed 129024K, used 27648K [0x0000000082a00000, 0x0000000100000000)
  region size 1024K, 26 young (26624K), 3 survivors (3072K)
 Metaspace       used 9419K, committed 9600K, reserved 1114112K
  class space    used 1132K, committed 1216K, reserved 1048576K
}
Event: 1.076 GC heap after
{Heap after GC invocations=2 (full 0):
 garbage-first heap   total reserved 2054144K, committed 129024K, used 5614K [0x0000000082a00000, 0x0000000100000000)
  region size 1024K, 2 young (2048K), 2 survivors (2048K)
 Metaspace       used 9419K, committed 9600K, reserved 1114112K
  class space    used 1132K, committed 1216K, reserved 1048576K
}
Event: 2.236 GC heap before
{Heap before GC invocations=2 (full 0):
 garbage-first heap   total reserved 2054144K, committed 129024K, used 62958K [0x0000000082a00000, 0x0000000100000000)
  region size 1024K, 59 young (60416K), 2 survivors (2048K)
 Metaspace       used 17106K, committed 17472K, reserved 1114112K
  class space    used 2068K, committed 2240K, reserved 1048576K
}
Event: 2.245 GC heap after
{Heap after GC invocations=3 (full 0):
 garbage-first heap   total reserved 2054144K, committed 129024K, used 10355K [0x0000000082a00000, 0x0000000100000000)
  region size 1024K, 6 young (6144K), 6 survivors (6144K)
 Metaspace       used 17106K, committed 17472K, reserved 1114112K
  class space    used 2068K, committed 2240K, reserved 1048576K
}
Event: 2.662 GC heap before
{Heap before GC invocations=3 (full 0):
 garbage-first heap   total reserved 2054144K, committed 129024K, used 35955K [0x0000000082a00000, 0x0000000100000000)
  region size 1024K, 28 young (28672K), 6 survivors (6144K)
 Metaspace       used 21202K, committed 21504K, reserved 1114112K
  class space    used 2573K, committed 2752K, reserved 1048576K
}
Event: 2.671 GC heap after
{Heap after GC invocations=4 (full 0):
 garbage-first heap   total reserved 2054144K, committed 129024K, used 19379K [0x0000000082a00000, 0x0000000100000000)
  region size 1024K, 5 young (5120K), 5 survivors (5120K)
 Metaspace       used 21202K, committed 21504K, reserved 1114112K
  class space    used 2573K, committed 2752K, reserved 1048576K
}
Event: 3.791 GC heap before
{Heap before GC invocations=5 (full 0):
 garbage-first heap   total reserved 2054144K, committed 65536K, used 65459K [0x0000000082a00000, 0x0000000100000000)
  region size 1024K, 50 young (51200K), 5 survivors (5120K)
 Metaspace       used 28099K, committed 28480K, reserved 1114112K
  class space    used 3364K, committed 3520K, reserved 1048576K
}
Event: 3.815 GC heap after
{Heap after GC invocations=6 (full 0):
 garbage-first heap   total reserved 2054144K, committed 79872K, used 26547K [0x0000000082a00000, 0x0000000100000000)
  region size 1024K, 9 young (9216K), 9 survivors (9216K)
 Metaspace       used 28099K, committed 28480K, reserved 1114112K
  class space    used 3364K, committed 3520K, reserved 1048576K
}
Event: 4.361 GC heap before
{Heap before GC invocations=6 (full 0):
 garbage-first heap   total reserved 2054144K, committed 79872K, used 59315K [0x0000000082a00000, 0x0000000100000000)
  region size 1024K, 41 young (41984K), 9 survivors (9216K)
 Metaspace       used 28681K, committed 28992K, reserved 1114112K
  class space    used 3387K, committed 3520K, reserved 1048576K
}
Event: 4.374 GC heap after
{Heap after GC invocations=7 (full 0):
 garbage-first heap   total reserved 2054144K, committed 79872K, used 27059K [0x0000000082a00000, 0x0000000100000000)
  region size 1024K, 3 young (3072K), 3 survivors (3072K)
 Metaspace       used 28681K, committed 28992K, reserved 1114112K
  class space    used 3387K, committed 3520K, reserved 1048576K
}

Dll operation events (12 events):
Event: 0.012 Loaded shared library C:\Users\scott\.jdks\openjdk-23\bin\java.dll
Event: 0.053 Loaded shared library C:\Users\scott\.jdks\openjdk-23\bin\jsvml.dll
Event: 0.089 Loaded shared library C:\Users\scott\.jdks\openjdk-23\bin\zip.dll
Event: 0.092 Loaded shared library C:\Users\scott\.jdks\openjdk-23\bin\instrument.dll
Event: 0.096 Loaded shared library C:\Users\scott\.jdks\openjdk-23\bin\net.dll
Event: 0.098 Loaded shared library C:\Users\scott\.jdks\openjdk-23\bin\nio.dll
Event: 0.100 Loaded shared library C:\Users\scott\.jdks\openjdk-23\bin\zip.dll
Event: 0.109 Loaded shared library D:\Program Files\IntelliJ IDEA 2023.3.6\bin\breakgen64.dll
Event: 0.116 Loaded shared library C:\Users\scott\.jdks\openjdk-23\bin\extnet.dll
Event: 0.190 Loaded shared library C:\Users\scott\.jdks\openjdk-23\bin\jimage.dll
Event: 0.222 Loaded shared library C:\Users\scott\AppData\Local\Temp\jansi-2.4.0-8cdfaadaaad2777a-jansi.dll
Event: 0.233 Loaded shared library C:\Users\scott\.jdks\openjdk-23\bin\verify.dll

Deoptimization events (20 events):
Event: 4.563 Thread 0x00000233bbdc6310 Uncommon trap: trap_request=0xffffff76 fr.pc=0x00000233cc24d2ec relative=0x0000000000000d0c
Event: 4.563 Thread 0x00000233bbdc6310 Uncommon trap: reason=predicate action=maybe_recompile pc=0x00000233cc24d2ec method=java.util.TimSort.binarySort([Ljava/lang/Object;IIILjava/util/Comparator;)V @ 73 c2
Event: 4.563 Thread 0x00000233bbdc6310 DEOPT PACKING pc=0x00000233cc24d2ec sp=0x000000c5548fe1b0
Event: 4.563 Thread 0x00000233bbdc6310 DEOPT UNPACKING pc=0x00000233cba77982 sp=0x000000c5548fe180 mode 2
Event: 4.568 Thread 0x00000233bbdc6310 Uncommon trap: trap_request=0xffffffc6 fr.pc=0x00000233cc1486b4 relative=0x0000000000001a54
Event: 4.568 Thread 0x00000233bbdc6310 Uncommon trap: reason=bimorphic_or_optimized_type_check action=maybe_recompile pc=0x00000233cc1486b4 method=java.io.DataInputStream.readFully([BII)V @ 30 c2
Event: 4.568 Thread 0x00000233bbdc6310 DEOPT PACKING pc=0x00000233cc1486b4 sp=0x000000c5548fe030
Event: 4.568 Thread 0x00000233bbdc6310 DEOPT UNPACKING pc=0x00000233cba77982 sp=0x000000c5548fe038 mode 2
Event: 4.568 Thread 0x00000233bbdc6310 Uncommon trap: trap_request=0xffffffc6 fr.pc=0x00000233cc1486b4 relative=0x0000000000001a54
Event: 4.568 Thread 0x00000233bbdc6310 Uncommon trap: reason=bimorphic_or_optimized_type_check action=maybe_recompile pc=0x00000233cc1486b4 method=java.io.DataInputStream.readFully([BII)V @ 30 c2
Event: 4.568 Thread 0x00000233bbdc6310 DEOPT PACKING pc=0x00000233cc1486b4 sp=0x000000c5548fdfc0
Event: 4.568 Thread 0x00000233bbdc6310 DEOPT UNPACKING pc=0x00000233cba77982 sp=0x000000c5548fdfa8 mode 2
Event: 4.568 Thread 0x00000233bbdc6310 Uncommon trap: trap_request=0xffffffc6 fr.pc=0x00000233cc1486b4 relative=0x0000000000001a54
Event: 4.568 Thread 0x00000233bbdc6310 Uncommon trap: reason=bimorphic_or_optimized_type_check action=maybe_recompile pc=0x00000233cc1486b4 method=java.io.DataInputStream.readFully([BII)V @ 30 c2
Event: 4.568 Thread 0x00000233bbdc6310 DEOPT PACKING pc=0x00000233cc1486b4 sp=0x000000c5548fdfc0
Event: 4.568 Thread 0x00000233bbdc6310 DEOPT UNPACKING pc=0x00000233cba77982 sp=0x000000c5548fdfa8 mode 2
Event: 4.568 Thread 0x00000233bbdc6310 Uncommon trap: trap_request=0xffffffc6 fr.pc=0x00000233cc1486b4 relative=0x0000000000001a54
Event: 4.568 Thread 0x00000233bbdc6310 Uncommon trap: reason=bimorphic_or_optimized_type_check action=maybe_recompile pc=0x00000233cc1486b4 method=java.io.DataInputStream.readFully([BII)V @ 30 c2
Event: 4.568 Thread 0x00000233bbdc6310 DEOPT PACKING pc=0x00000233cc1486b4 sp=0x000000c5548fdee0
Event: 4.568 Thread 0x00000233bbdc6310 DEOPT UNPACKING pc=0x00000233cba77982 sp=0x000000c5548fdec8 mode 2

Classes loaded (20 events):
Event: 4.601 Loading class jdk/internal/logger/LazyLoggers
Event: 4.602 Loading class jdk/internal/logger/LazyLoggers done
Event: 4.602 Loading class jdk/internal/logger/LazyLoggers$1
Event: 4.602 Loading class jdk/internal/logger/LazyLoggers$1 done
Event: 4.602 Loading class jdk/internal/logger/LazyLoggers$LazyLoggerFactories
Event: 4.602 Loading class jdk/internal/logger/LazyLoggers$LazyLoggerFactories done
Event: 4.602 Loading class jdk/internal/logger/LoggerFinderLoader
Event: 4.602 Loading class jdk/internal/logger/LoggerFinderLoader done
Event: 4.603 Loading class jdk/internal/logger/LoggerFinderLoader$TemporaryLoggerFinder
Event: 4.603 Loading class jdk/internal/logger/LoggerFinderLoader$TemporaryLoggerFinder done
Event: 4.603 Loading class sun/util/logging/internal/LoggingProviderImpl$JULWrapper
Event: 4.603 Loading class sun/util/logging/PlatformLogger$ConfigurableBridge$LoggerConfiguration
Event: 4.604 Loading class sun/util/logging/PlatformLogger$ConfigurableBridge$LoggerConfiguration done
Event: 4.604 Loading class sun/util/logging/internal/LoggingProviderImpl$JULWrapper done
Event: 4.604 Loading class java/lang/System$Logger$Level
Event: 4.604 Loading class java/lang/System$Logger$Level done
Event: 4.605 Loading class java/io/PipedOutputStream
Event: 4.605 Loading class java/io/PipedOutputStream done
Event: 4.606 Loading class jdk/internal/event/ThreadSleepEvent
Event: 4.606 Loading class jdk/internal/event/ThreadSleepEvent done

Classes unloaded (0 events):
No events

Classes redefined (0 events):
No events

Internal exceptions (20 events):
Event: 3.787 Thread 0x00000233bbdc6310 Exception <a 'sun/nio/fs/WindowsException'{0x000000008384fa20}> (0x000000008384fa20) 
thrown [s\open\src\hotspot\share\prims\jni.cpp, line 520]
Event: 3.789 Thread 0x00000233bbdc6310 Exception <a 'sun/nio/fs/WindowsException'{0x00000000838b62a8}> (0x00000000838b62a8) 
thrown [s\open\src\hotspot\share\prims\jni.cpp, line 520]
Event: 3.789 Thread 0x00000233bbdc6310 Exception <a 'sun/nio/fs/WindowsException'{0x00000000838b71d8}> (0x00000000838b71d8) 
thrown [s\open\src\hotspot\share\prims\jni.cpp, line 520]
Event: 3.821 Thread 0x00000233bbdc6310 Exception <a 'sun/nio/fs/WindowsException'{0x000000008a7ac428}> (0x000000008a7ac428) 
thrown [s\open\src\hotspot\share\prims\jni.cpp, line 520]
Event: 3.822 Thread 0x00000233bbdc6310 Exception <a 'sun/nio/fs/WindowsException'{0x000000008a7cc268}> (0x000000008a7cc268) 
thrown [s\open\src\hotspot\share\prims\jni.cpp, line 520]
Event: 3.823 Thread 0x00000233bbdc6310 Exception <a 'sun/nio/fs/WindowsException'{0x0000000089123f70}> (0x0000000089123f70) 
thrown [s\open\src\hotspot\share\prims\jni.cpp, line 520]
Event: 3.823 Thread 0x00000233bbdc6310 Exception <a 'sun/nio/fs/WindowsException'{0x0000000089125158}> (0x0000000089125158) 
thrown [s\open\src\hotspot\share\prims\jni.cpp, line 520]
Event: 3.856 Thread 0x00000233bbdc6310 Exception <a 'sun/nio/fs/WindowsException'{0x0000000089061a88}> (0x0000000089061a88) 
thrown [s\open\src\hotspot\share\prims\jni.cpp, line 520]
Event: 3.930 Thread 0x00000233bbdc6310 Implicit null exception at 0x00000233cc17bcca to 0x00000233cc17bd30
Event: 4.561 Thread 0x00000233bbdc6310 Exception <a 'sun/nio/fs/WindowsException'{0x000000008660a7e8}> (0x000000008660a7e8) 
thrown [s\open\src\hotspot\share\prims\jni.cpp, line 520]
Event: 4.561 Thread 0x00000233bbdc6310 Exception <a 'sun/nio/fs/WindowsException'{0x000000008660afd0}> (0x000000008660afd0) 
thrown [s\open\src\hotspot\share\prims\jni.cpp, line 520]
Event: 4.565 Thread 0x00000233bbdc6310 Exception <a 'sun/nio/fs/WindowsException'{0x0000000086627bc0}> (0x0000000086627bc0) 
thrown [s\open\src\hotspot\share\prims\jni.cpp, line 520]
Event: 4.566 Thread 0x00000233bbdc6310 Exception <a 'sun/nio/fs/WindowsException'{0x000000008662cd30}> (0x000000008662cd30) 
thrown [s\open\src\hotspot\share\prims\jni.cpp, line 520]
Event: 4.566 Thread 0x00000233bbdc6310 Exception <a 'sun/nio/fs/WindowsException'{0x000000008662df20}> (0x000000008662df20) 
thrown [s\open\src\hotspot\share\prims\jni.cpp, line 520]
Event: 4.566 Thread 0x00000233bbdc6310 Exception <a 'sun/nio/fs/WindowsException'{0x000000008662ebd0}> (0x000000008662ebd0) 
thrown [s\open\src\hotspot\share\prims\jni.cpp, line 520]
Event: 4.567 Thread 0x00000233bbdc6310 Exception <a 'sun/nio/fs/WindowsException'{0x000000008662f8c8}> (0x000000008662f8c8) 
thrown [s\open\src\hotspot\share\prims\jni.cpp, line 520]
Event: 4.594 Thread 0x00000233bbdc6310 Exception <a 'java/lang/NoSuchMethodError'{0x000000008656a9d0}: 'void java.lang.invoke.DirectMethodHandle$Holder.invokeStatic(java.lang.Object, long)'> (0x000000008656a9d0) 
thrown [s\open\src\hotspot\share\interpreter\linkResolver.cpp, line 796]
Event: 4.595 Thread 0x00000233bbdc6310 Exception <a 'java/lang/NoSuchMethodError'{0x000000008656f7c8}: 'java.lang.Object java.lang.invoke.DirectMethodHandle$Holder.newInvokeSpecial(java.lang.Object, long)'> (0x000000008656f7c8) 
thrown [s\open\src\hotspot\share\interpreter\linkResolver.cpp, line 796]
Event: 4.598 Thread 0x00000233bbdc6310 Exception <a 'java/lang/NoSuchMethodError'{0x0000000086576470}: 'java.lang.Object java.lang.invoke.DirectMethodHandle$Holder.invokeStatic(java.lang.Object, long, java.lang.Object)'> (0x0000000086576470) 
thrown [s\open\src\hotspot\share\interpreter\linkResolver.cpp, line 796]
Event: 4.598 Thread 0x00000233bbdc6310 Exception <a 'java/lang/NoSuchMethodError'{0x0000000086579c10}: 'java.lang.Object java.lang.invoke.DirectMethodHandle$Holder.invokeStaticInit(java.lang.Object, long, java.lang.Object)'> (0x0000000086579c10) 
thrown [s\open\src\hotspot\share\interpreter\linkResolver.cpp, line 796]

VM Operations (20 events):
Event: 3.297 Executing VM operation: HandshakeAllThreads (Deoptimize)
Event: 3.297 Executing VM operation: HandshakeAllThreads (Deoptimize) done
Event: 3.381 Executing VM operation: HandshakeAllThreads (Deoptimize)
Event: 3.381 Executing VM operation: HandshakeAllThreads (Deoptimize) done
Event: 3.449 Executing VM operation: HandshakeAllThreads (Deoptimize)
Event: 3.449 Executing VM operation: HandshakeAllThreads (Deoptimize) done
Event: 3.626 Executing VM operation: HandshakeAllThreads (Deoptimize)
Event: 3.626 Executing VM operation: HandshakeAllThreads (Deoptimize) done
Event: 3.627 Executing VM operation: HandshakeAllThreads (Deoptimize)
Event: 3.627 Executing VM operation: HandshakeAllThreads (Deoptimize) done
Event: 3.791 Executing VM operation: G1CollectForAllocation (G1 Evacuation Pause)
Event: 3.815 Executing VM operation: G1CollectForAllocation (G1 Evacuation Pause) done
Event: 3.835 Executing VM operation: HandshakeAllThreads (Deoptimize)
Event: 3.835 Executing VM operation: HandshakeAllThreads (Deoptimize) done
Event: 4.361 Executing VM operation: G1CollectForAllocation (G1 Evacuation Pause)
Event: 4.374 Executing VM operation: G1CollectForAllocation (G1 Evacuation Pause) done
Event: 4.489 Executing VM operation: HandshakeAllThreads (Deoptimize)
Event: 4.489 Executing VM operation: HandshakeAllThreads (Deoptimize) done
Event: 4.501 Executing VM operation: HandshakeAllThreads (Deoptimize)
Event: 4.501 Executing VM operation: HandshakeAllThreads (Deoptimize) done

Memory protections (0 events):
No events

Nmethod flushes (0 events):
No events

Events (19 events):
Event: 0.035 Thread 0x00000233bbdc6310 Thread added: 0x00000233bbdc6310
Event: 0.049 Thread 0x00000233bbdc6310 Thread added: 0x00000233d8ab5800
Event: 0.049 Thread 0x00000233bbdc6310 Thread added: 0x00000233d8ab6720
Event: 0.050 Thread 0x00000233bbdc6310 Thread added: 0x00000233d8ab8880
Event: 0.050 Thread 0x00000233bbdc6310 Thread added: 0x00000233d8abbb60
Event: 0.050 Thread 0x00000233bbdc6310 Thread added: 0x00000233d8abe690
Event: 0.050 Thread 0x00000233bbdc6310 Thread added: 0x00000233d8abf220
Event: 0.050 Thread 0x00000233bbdc6310 Thread added: 0x00000233d8ac67f0
Event: 0.050 Thread 0x00000233bbdc6310 Thread added: 0x00000233d8aceec0
Event: 0.071 Thread 0x00000233bbdc6310 Thread added: 0x00000233d8c101e0
Event: 0.109 Thread 0x00000233bbdc6310 Thread added: 0x00000233d8d78330
Event: 0.109 Thread 0x00000233bbdc6310 Thread added: 0x00000233d8d7d3a0
Event: 0.125 Thread 0x00000233d8aceec0 Thread added: 0x00000233d8d60960
Event: 0.617 Thread 0x00000233d8aceec0 Thread added: 0x000002341ea26a40
Event: 2.779 Thread 0x000002341ea26a40 Thread exited: 0x000002341ea26a40
Event: 2.891 Thread 0x00000233d8aceec0 Thread added: 0x000002341edb9f00
Event: 4.605 Thread 0x00000233bbdc6310 Thread added: 0x00000234210e9580
Event: 4.606 Thread 0x00000233bbdc6310 Thread added: 0x0000023420ce82c0
Event: 4.606 Thread 0x00000233bbdc6310 Thread added: 0x0000023420f6dee0


Dynamic libraries:
0x00007ff760bb0000 - 0x00007ff760bbe000 	C:\Users\scott\.jdks\openjdk-23\bin\java.exe
0x00007ffdf4990000 - 0x00007ffdf4ba7000 	C:\WINDOWS\SYSTEM32\ntdll.dll
0x00007ffdb2d90000 - 0x00007ffdb2daa000 	C:\Program Files\Norton\Suite\aswhook.dll
0x00007ffdf38c0000 - 0x00007ffdf3984000 	C:\WINDOWS\System32\KERNEL32.DLL
0x00007ffdf1ca0000 - 0x00007ffdf2073000 	C:\WINDOWS\System32\KERNELBASE.dll
0x00007ffdf20b0000 - 0x00007ffdf21c1000 	C:\WINDOWS\System32\ucrtbase.dll
0x00007ffddc220000 - 0x00007ffddc23b000 	C:\Users\scott\.jdks\openjdk-23\bin\VCRUNTIME140.dll
0x00007ffddc200000 - 0x00007ffddc217000 	C:\Users\scott\.jdks\openjdk-23\bin\jli.dll
0x00007ffdf2790000 - 0x00007ffdf2941000 	C:\WINDOWS\System32\USER32.dll
0x00007ffdf23e0000 - 0x00007ffdf2406000 	C:\WINDOWS\System32\win32u.dll
0x00007ffdde9b0000 - 0x00007ffddec48000 	C:\WINDOWS\WinSxS\amd64_microsoft.windows.common-controls_6595b64144ccf1df_6.0.22621.5124_none_270e8f4f7386d69d\COMCTL32.dll
0x00007ffdf3c50000 - 0x00007ffdf3c79000 	C:\WINDOWS\System32\GDI32.dll
0x00007ffdf2d30000 - 0x00007ffdf2dd7000 	C:\WINDOWS\System32\msvcrt.dll
0x00007ffdf2410000 - 0x00007ffdf252b000 	C:\WINDOWS\System32\gdi32full.dll
0x00007ffdf21d0000 - 0x00007ffdf226a000 	C:\WINDOWS\System32\msvcp_win.dll
0x00007ffdf26e0000 - 0x00007ffdf2711000 	C:\WINDOWS\System32\IMM32.DLL
0x00007ffddd5f0000 - 0x00007ffddd5fc000 	C:\Users\scott\.jdks\openjdk-23\bin\vcruntime140_1.dll
0x00007ffdd2320000 - 0x00007ffdd23ae000 	C:\Users\scott\.jdks\openjdk-23\bin\msvcp140.dll
0x00007ffd6c930000 - 0x00007ffd6d67f000 	C:\Users\scott\.jdks\openjdk-23\bin\server\jvm.dll
0x00007ffdf4460000 - 0x00007ffdf4511000 	C:\WINDOWS\System32\ADVAPI32.dll
0x00007ffdf2630000 - 0x00007ffdf26d8000 	C:\WINDOWS\System32\sechost.dll
0x00007ffdf2080000 - 0x00007ffdf20a8000 	C:\WINDOWS\System32\bcrypt.dll
0x00007ffdf3a90000 - 0x00007ffdf3ba4000 	C:\WINDOWS\System32\RPCRT4.dll
0x00007ffdf3bd0000 - 0x00007ffdf3c41000 	C:\WINDOWS\System32\WS2_32.dll
0x00007ffdf08e0000 - 0x00007ffdf092d000 	C:\WINDOWS\SYSTEM32\POWRPROF.dll
0x00007ffde76a0000 - 0x00007ffde76d4000 	C:\WINDOWS\SYSTEM32\WINMM.dll
0x00007ffddf530000 - 0x00007ffddf53a000 	C:\WINDOWS\SYSTEM32\VERSION.dll
0x00007ffdf08c0000 - 0x00007ffdf08d3000 	C:\WINDOWS\SYSTEM32\UMPDC.dll
0x00007ffdf0b80000 - 0x00007ffdf0b98000 	C:\WINDOWS\SYSTEM32\kernel.appcore.dll
0x00007ffddd580000 - 0x00007ffddd58a000 	C:\Users\scott\.jdks\openjdk-23\bin\jimage.dll
0x00007ffdef500000 - 0x00007ffdef732000 	C:\WINDOWS\SYSTEM32\DBGHELP.DLL
0x00007ffdf45b0000 - 0x00007ffdf4942000 	C:\WINDOWS\System32\combase.dll
0x00007ffdf2f40000 - 0x00007ffdf3017000 	C:\WINDOWS\System32\OLEAUT32.dll
0x00007ffddf480000 - 0x00007ffddf4b2000 	C:\WINDOWS\SYSTEM32\dbgcore.DLL
0x00007ffdf25b0000 - 0x00007ffdf262b000 	C:\WINDOWS\System32\bcryptPrimitives.dll
0x00007ffddd060000 - 0x00007ffddd06f000 	C:\Users\scott\.jdks\openjdk-23\bin\instrument.dll
0x00007ffddc1e0000 - 0x00007ffddc1fe000 	C:\Users\scott\.jdks\openjdk-23\bin\java.dll
0x00007ffdf3dc0000 - 0x00007ffdf3f61000 	C:\WINDOWS\System32\ole32.dll
0x00007ffdf3020000 - 0x00007ffdf38b6000 	C:\WINDOWS\System32\SHELL32.dll
0x00007ffdf1aa0000 - 0x00007ffdf1bdf000 	C:\WINDOWS\System32\wintypes.dll
0x00007ffdef980000 - 0x00007ffdf029a000 	C:\WINDOWS\SYSTEM32\windows.storage.dll
0x00007ffdf2950000 - 0x00007ffdf2a5a000 	C:\WINDOWS\System32\SHCORE.dll
0x00007ffdf3d50000 - 0x00007ffdf3db3000 	C:\WINDOWS\System32\shlwapi.dll
0x00007ffdf19d0000 - 0x00007ffdf19fb000 	C:\WINDOWS\SYSTEM32\profapi.dll
0x00007ffdd1890000 - 0x00007ffdd1967000 	C:\Users\scott\.jdks\openjdk-23\bin\jsvml.dll
0x00007ffddc000000 - 0x00007ffddc017000 	C:\Users\scott\.jdks\openjdk-23\bin\zip.dll
0x00007ffddc380000 - 0x00007ffddc390000 	C:\Users\scott\.jdks\openjdk-23\bin\net.dll
0x00007ffdf1000000 - 0x00007ffdf106a000 	C:\WINDOWS\system32\mswsock.dll
0x00007ffddbeb0000 - 0x00007ffddbec6000 	C:\Users\scott\.jdks\openjdk-23\bin\nio.dll
0x00007ffddbe90000 - 0x00007ffddbeaa000 	D:\Program Files\IntelliJ IDEA 2023.3.6\bin\breakgen64.dll
0x00007ffddc1d0000 - 0x00007ffddc1d9000 	C:\Users\scott\.jdks\openjdk-23\bin\extnet.dll
0x0000000069ac0000 - 0x0000000069ae4000 	C:\Users\scott\AppData\Local\Temp\jansi-2.4.0-8cdfaadaaad2777a-jansi.dll
0x00007ffddbc50000 - 0x00007ffddbc60000 	C:\Users\scott\.jdks\openjdk-23\bin\verify.dll

dbghelp: loaded successfully - version: 4.0.5 - missing functions: none
symbol engine: initialized successfully - sym options: 0x614 - pdb path: .;C:\Users\scott\.jdks\openjdk-23\bin;C:\WINDOWS\SYSTEM32;C:\Program Files\Norton\Suite;C:\WINDOWS\WinSxS\amd64_microsoft.windows.common-controls_6595b64144ccf1df_6.0.22621.5124_none_270e8f4f7386d69d;C:\Users\scott\.jdks\openjdk-23\bin\server;D:\Program Files\IntelliJ IDEA 2023.3.6\bin;C:\Users\scott\AppData\Local\Temp

VM Arguments:
jvm_args: -Dmaven.multiModuleProjectDirectory=C:\Users\scott\IdeaProjects\csc445-Project3 -Djansi.passthrough=true -Dmaven.home=D:\Program Files\IntelliJ IDEA 2023.3.6\plugins\maven\lib\maven3 -Dclassworlds.conf=D:\Program Files\IntelliJ IDEA 2023.3.6\plugins\maven\lib\maven3\bin\m2.conf -Dmaven.ext.class.path=D:\Program Files\IntelliJ IDEA 2023.3.6\plugins\maven\lib\maven-event-listener.jar -javaagent:D:\Program Files\IntelliJ IDEA 2023.3.6\lib\idea_rt.jar=50188:D:\Program Files\IntelliJ IDEA 2023.3.6\bin -Dfile.encoding=UTF-8 -Dsun.stdout.encoding=UTF-8 -Dsun.stderr.encoding=UTF-8 
java_command: org.codehaus.classworlds.Launcher -Didea.version=2023.3.8 org.openjfx:javafx-maven-plugin:0.0.8:run
java_class_path (initial): D:\Program Files\IntelliJ IDEA 2023.3.6\plugins\maven\lib\maven3\boot\plexus-classworlds-2.7.0.jar;D:\Program Files\IntelliJ IDEA 2023.3.6\plugins\maven\lib\maven3\boot\plexus-classworlds.license
Launcher Type: SUN_STANDARD

[Global flags]
     intx CICompilerCount                          = 4                                         {product} {ergonomic}
     uint ConcGCThreads                            = 2                                         {product} {ergonomic}
     uint G1ConcRefinementThreads                  = 8                                         {product} {ergonomic}
   size_t G1HeapRegionSize                         = 1048576                                   {product} {ergonomic}
   size_t InitialHeapSize                          = 132120576                                 {product} {ergonomic}
   size_t MarkStackSize                            = 4194304                                   {product} {ergonomic}
   size_t MarkStackSizeMax                         = 536870912                                 {product} {ergonomic}
   size_t MaxHeapSize                              = 2103443456                                {product} {ergonomic}
   size_t MaxNewSize                               = 1261436928                                {product} {ergonomic}
   size_t MinHeapDeltaBytes                        = 1048576                                   {product} {ergonomic}
   size_t MinHeapSize                              = 8388608                                   {product} {ergonomic}
    uintx NonNMethodCodeHeapSize                   = 5832704                                {pd product} {ergonomic}
    uintx NonProfiledCodeHeapSize                  = 122945536                              {pd product} {ergonomic}
    uintx ProfiledCodeHeapSize                     = 122880000                              {pd product} {ergonomic}
    uintx ReservedCodeCacheSize                    = 251658240                              {pd product} {ergonomic}
     bool SegmentedCodeCache                       = true                                      {product} {ergonomic}
   size_t SoftMaxHeapSize                          = 2103443456                             {manageable} {ergonomic}
     bool UseCompressedOops                        = true                           {product lp64_product} {ergonomic}
     bool UseG1GC                                  = true                                      {product} {ergonomic}
     bool UseLargePagesIndividualAllocation        = false                                  {pd product} {ergonomic}

Logging:
Log output configuration:
 #0: stdout all=warning uptime,level,tags foldmultilines=false
 #1: stderr all=off uptime,level,tags foldmultilines=false

Environment Variables:
JAVA_HOME=C:\Program Files\Java\jdk-24
PATH=C:\Program Files\Common Files\Oracle\Java\javapath;C:\Program Files (x86)\Common Files\Oracle\Java\javapath;C:\WINDOWS\system32;C:\WINDOWS;C:\WINDOWS\System32\Wbem;C:\WINDOWS\System32\WindowsPowerShell\v1.0\;C:\WINDOWS\System32\OpenSSH\;C:\Gradle\gradle-8.6\bin;C:\Program Files\Git\cmd;C:\Users\scott\.cargo\bin;D:\Program Files\Microsoft VS Code\bin
USERNAME=scott
OS=Windows_NT
PROCESSOR_IDENTIFIER=Intel64 Family 6 Model 140 Stepping 1, GenuineIntel
TMP=C:\Users\scott\AppData\Local\Temp
TEMP=C:\Users\scott\AppData\Local\Temp




Periodic native trim disabled

---------------  S Y S T E M  ---------------

OS:
 Windows 11 , 64 bit Build 22621 (10.0.22621.5124)
OS uptime: 12 days 10:43 hours
Hyper-V role detected

CPU: total 8 (initial active 8) (4 cores per cpu, 2 threads per core) family 6 model 140 stepping 1 microcode 0xba, cx8, cmov, fxsr, ht, mmx, 3dnowpref, sse, sse2, sse3, ssse3, sse4.1, sse4.2, popcnt, lzcnt, tsc, tscinvbit, avx, avx2, aes, erms, clmul, bmi1, bmi2, adx, avx512f, avx512dq, avx512cd, avx512bw, avx512vl, sha, fma, vzeroupper, avx512_vpopcntdq, avx512_vpclmulqdq, avx512_vaes, avx512_vnni, clflush, clflushopt, clwb, avx512_vbmi2, avx512_vbmi, hv, rdtscp, rdpid, fsrm, gfni, avx512_bitalg, f16c, cet_ibt, cet_ss, avx512_ifma
Processor Information for processor 0
  Max Mhz: 2419, Current Mhz: 2419, Mhz Limit: 2419
Processor Information for processor 1
  Max Mhz: 2419, Current Mhz: 1209, Mhz Limit: 2419
Processor Information for processor 2
  Max Mhz: 2419, Current Mhz: 2419, Mhz Limit: 2419
Processor Information for processor 3
  Max Mhz: 2419, Current Mhz: 2419, Mhz Limit: 2419
Processor Information for processor 4
  Max Mhz: 2419, Current Mhz: 2419, Mhz Limit: 2419
Processor Information for processor 5
  Max Mhz: 2419, Current Mhz: 2419, Mhz Limit: 2419
Processor Information for processor 6
  Max Mhz: 2419, Current Mhz: 1209, Mhz Limit: 2419
Processor Information for processor 7
  Max Mhz: 2419, Current Mhz: 2419, Mhz Limit: 2419

Memory: 4k page, system-wide physical 8017M (1009M free)
TotalPageFile size 18731M (AvailPageFile size 27M)
current process WorkingSet (physical memory assigned to process): 238M, peak: 240M
current process commit charge ("private bytes"): 269M, peak: 274M

vm_info: OpenJDK 64-Bit Server VM (23+37-2369) for windows-amd64 JRE (23+37-2369), built on 2024-08-20T16:01:23Z with MS VC++ 17.6 (VS2022)

END.
